<?xml version="1.0" encoding="UTF-8"?>
<testsuite name="com.example.project.TestTriangle" tests="3" skipped="0" failures="0" errors="0" timestamp="2025-01-07T17:23:46" hostname="codespaces-6da4f9" time="0.063">
  <properties/>
  <testcase name="testConstructorAndGetVertices()" classname="com.example.project.TestTriangle" time="0.005"/>
  <testcase name="testTriangleInfo()" classname="com.example.project.TestTriangle" time="0.046"/>
  <testcase name="testPerimeter()" classname="com.example.project.TestTriangle" time="0.003"/>
  <system-out><![CDATA[]]></system-out>
  <system-err><![CDATA[]]></system-err>
</testsuite>
